[2023-07-24T15:37:17+09:00][INFO][::1][nWvmOOuBMe4QnmWYh7GldfAXHoVyTTeI][][Route: /login?redirect=%2Fuser%3Fname%3D%26startedDateFrom%3D%26startedDateTo%3D][POST][http][Failed login attempt: name(admin@gmail.com)]
[2023-07-24T15:38:48+09:00][INFO][::1][VaogAf2HDAgIEHD7ZFegDxdwUsJEZxNg][][Route: /login?redirect=%2Fuser%3Fname%3D%26startedDateFrom%3D%26startedDateTo%3D][POST][http][Failed login attempt: name(admin@gmail.com)]
[2023-07-24T15:38:56+09:00][INFO][::1][VaogAf2HDAgIEHD7ZFegDxdwUsJEZxNg][][Route: /login?redirect=%2Fuser%3Fname%3D%26startedDateFrom%3D%26startedDateTo%3D][POST][http][Failed login attempt: name(admin@gmail.com)]
[2023-07-24T15:39:29+09:00][INFO][::1][7CIUw7EPUPjJs4A_2F5uQWOsf-rz1-WV][][Route: /login?redirect=%2Fuser%3Fname%3D%26startedDateFrom%3D%26startedDateTo%3D][POST][http][User id(1) logged in successfully.]
[2023-07-24T15:39:29+09:00][INFO][::1][7CIUw7EPUPjJs4A_2F5uQWOsf-rz1-WV][][Route: /user?name=&startedDateFrom=&startedDateTo=][GET][http][]
[2023-07-24T15:39:29+09:00][INFO][::1][7CIUw7EPUPjJs4A_2F5uQWOsf-rz1-WV][][Route: /user?name=&startedDateFrom=&startedDateTo=][GET][http][...]
[2023-07-24T15:40:10+09:00][INFO][::1][7CIUw7EPUPjJs4A_2F5uQWOsf-rz1-WV][][Route: /login?redirect=%2Fuser%3Fname%3D%26startedDateFrom%3D%26startedDateTo%3D][POST][http][User id(1) logged in successfully.]
[2023-07-24T15:40:10+09:00][INFO][::1][7CIUw7EPUPjJs4A_2F5uQWOsf-rz1-WV][][Route: /user?name=&startedDateFrom=&startedDateTo=][GET][http][]
[2023-07-24T15:40:10+09:00][INFO][::1][7CIUw7EPUPjJs4A_2F5uQWOsf-rz1-WV][][Route: /user?name=&startedDateFrom=&startedDateTo=][GET][http][...]
[2023-07-24T15:40:47+09:00][INFO][::1][7CIUw7EPUPjJs4A_2F5uQWOsf-rz1-WV][][Route: /login?redirect=%2Fuser%3Fname%3D%26startedDateFrom%3D%26startedDateTo%3D][POST][http][User id(1) logged in successfully.]
[2023-07-24T15:40:47+09:00][INFO][::1][7CIUw7EPUPjJs4A_2F5uQWOsf-rz1-WV][][Route: /user?name=&startedDateFrom=&startedDateTo=][GET][http][]
[2023-07-24T15:40:47+09:00][INFO][::1][7CIUw7EPUPjJs4A_2F5uQWOsf-rz1-WV][][Route: /user?name=&startedDateFrom=&startedDateTo=][GET][http][...]
[2023-07-24T15:40:58+09:00][INFO][::1][7CIUw7EPUPjJs4A_2F5uQWOsf-rz1-WV][][Route: /login?redirect=%2Fuser%3Fname%3D%26startedDateFrom%3D%26startedDateTo%3D][POST][http][Failed login attempt: name(admin@gmail.com)]
[2023-07-24T15:41:09+09:00][INFO][::1][7CIUw7EPUPjJs4A_2F5uQWOsf-rz1-WV][][Route: /login?redirect=%2Fuser%3Fname%3D%26startedDateFrom%3D%26startedDateTo%3D][POST][http][User id(1) logged in successfully.]
[2023-07-24T15:41:21+09:00][INFO][::1][7CIUw7EPUPjJs4A_2F5uQWOsf-rz1-WV][][Route: /user?name=&startedDateFrom=&startedDateTo=][GET][http][]
[2023-07-24T15:41:21+09:00][INFO][::1][7CIUw7EPUPjJs4A_2F5uQWOsf-rz1-WV][][Route: /user?name=&startedDateFrom=&startedDateTo=][GET][http][...]
[2023-07-24T15:41:38+09:00][INFO][::1][7CIUw7EPUPjJs4A_2F5uQWOsf-rz1-WV][][Route: /login][POST][http][User id(1) logged in successfully.]
[2023-07-24T15:41:40+09:00][INFO][::1][7CIUw7EPUPjJs4A_2F5uQWOsf-rz1-WV][][Route: /user][GET][http][]
[2023-07-24T15:41:40+09:00][INFO][::1][7CIUw7EPUPjJs4A_2F5uQWOsf-rz1-WV][][Route: /user][GET][http][...]
[2023-07-24T15:42:22+09:00][INFO][::1][7CIUw7EPUPjJs4A_2F5uQWOsf-rz1-WV][][Route: /login][POST][http][User id(1) logged in successfully.]
[2023-07-24T15:42:22+09:00][INFO][::1][7CIUw7EPUPjJs4A_2F5uQWOsf-rz1-WV][][Route: /user][GET][http][]
[2023-07-24T15:42:22+09:00][INFO][::1][7CIUw7EPUPjJs4A_2F5uQWOsf-rz1-WV][][Route: /user][GET][http][...]
[2023-07-24T15:43:36+09:00][INFO][::1][7CIUw7EPUPjJs4A_2F5uQWOsf-rz1-WV][][Route: /user][GET][http][]
[2023-07-24T15:43:37+09:00][INFO][::1][7CIUw7EPUPjJs4A_2F5uQWOsf-rz1-WV][][Route: /user][GET][http][...]
[2023-07-24T15:44:00+09:00][INFO][::1][7CIUw7EPUPjJs4A_2F5uQWOsf-rz1-WV][][Route: /user][GET][http][]
[2023-07-24T15:44:01+09:00][INFO][::1][7CIUw7EPUPjJs4A_2F5uQWOsf-rz1-WV][][Route: /user][GET][http][...]
[2023-07-24T15:45:23+09:00][INFO][::1][7CIUw7EPUPjJs4A_2F5uQWOsf-rz1-WV][][Route: /login][POST][http][User id(1) logged in successfully.]
[2023-07-24T15:45:23+09:00][INFO][::1][7CIUw7EPUPjJs4A_2F5uQWOsf-rz1-WV][][Route: /user][GET][http][]
[2023-07-24T15:45:23+09:00][INFO][::1][7CIUw7EPUPjJs4A_2F5uQWOsf-rz1-WV][][Route: /user][GET][http][...]
[2023-07-24T15:45:32+09:00][INFO][::1][7CIUw7EPUPjJs4A_2F5uQWOsf-rz1-WV][][Route: /login][POST][http][User id(1) logged in successfully.]
[2023-07-24T15:45:32+09:00][INFO][::1][7CIUw7EPUPjJs4A_2F5uQWOsf-rz1-WV][][Route: /user][GET][http][]
[2023-07-24T15:46:27+09:00][INFO][::1][7rzv_SdX3wnwVntKFD4hW6XseTxDMoXY][][Route: /login?redirect=%2Fuser][POST][http][User id(1) logged in successfully.]
[2023-07-24T15:46:27+09:00][INFO][::1][7rzv_SdX3wnwVntKFD4hW6XseTxDMoXY][][Route: /user][GET][http][]
[2023-07-24T15:46:31+09:00][INFO][::1][7rzv_SdX3wnwVntKFD4hW6XseTxDMoXY][][Route: /asset/css/datepicker/bootstrap-datepicker.css.map][GET][http][]
[2023-07-24T15:46:32+09:00][INFO][::1][7rzv_SdX3wnwVntKFD4hW6XseTxDMoXY][][Route: /asset/js/lib/axios.min.map][GET][http][]
[2023-07-24T15:47:05+09:00][INFO][::1][7rzv_SdX3wnwVntKFD4hW6XseTxDMoXY][][Route: /login][POST][http][User id(1) logged in successfully.]
[2023-07-24T15:47:05+09:00][INFO][::1][7rzv_SdX3wnwVntKFD4hW6XseTxDMoXY][][Route: /user][GET][http][]
[2023-07-24T15:47:22+09:00][INFO][::1][7rzv_SdX3wnwVntKFD4hW6XseTxDMoXY][][Route: /user?name=&startedDateFrom=&startedDateTo=][GET][http][]
[2023-07-24T15:47:24+09:00][INFO][::1][7rzv_SdX3wnwVntKFD4hW6XseTxDMoXY][][Route: /user?name=&startedDateFrom=&startedDateTo=][GET][http][...]
[2023-07-24T15:47:27+09:00][INFO][::1][7rzv_SdX3wnwVntKFD4hW6XseTxDMoXY][][Route: /user][GET][http][]
[2023-07-24T15:47:34+09:00][INFO][][7rzv_SdX3wnwVntKFD4hW6XseTxDMoXY][][Route: /user][GET][http][]
[2023-07-24T15:47:35+09:00][INFO][][7rzv_SdX3wnwVntKFD4hW6XseTxDMoXY][][Route: /user][GET][http][]
[2023-07-24T15:47:36+09:00][INFO][::1][7rzv_SdX3wnwVntKFD4hW6XseTxDMoXY][][Route: /user][GET][http][]
[2023-07-24T15:47:59+09:00][INFO][::1][7rzv_SdX3wnwVntKFD4hW6XseTxDMoXY][][Route: /asset/js/lib/axios.min.map][GET][http][]
[2023-07-24T15:47:59+09:00][INFO][::1][7rzv_SdX3wnwVntKFD4hW6XseTxDMoXY][][Route: /asset/css/datepicker/bootstrap-datepicker.css.map][GET][http][]
[2023-07-24T15:51:29+09:00][INFO][::1][jOJrk3jxWmCZo5cAT6W8D18GEi6jFm83][1][Route: /login?redirect=%2Fuser][POST][http][User id(1) logged in successfully.]
[2023-07-24T15:51:29+09:00][INFO][::1][jOJrk3jxWmCZo5cAT6W8D18GEi6jFm83][][Route: /user][GET][http][]
[2023-07-24T15:51:29+09:00][INFO][::1][jOJrk3jxWmCZo5cAT6W8D18GEi6jFm83][][Route: /asset/css/datepicker/bootstrap-datepicker.css.map][GET][http][]
[2023-07-24T15:51:29+09:00][INFO][::1][jOJrk3jxWmCZo5cAT6W8D18GEi6jFm83][][Route: /asset/js/lib/axios.min.map][GET][http][]
[2023-07-24T15:51:31+09:00][INFO][::1][jOJrk3jxWmCZo5cAT6W8D18GEi6jFm83][][Route: /user][GET][http][]
[2023-07-24T15:51:31+09:00][INFO][::1][jOJrk3jxWmCZo5cAT6W8D18GEi6jFm83][][Route: /asset/css/datepicker/bootstrap-datepicker.css.map][GET][http][]
[2023-07-24T15:51:31+09:00][INFO][::1][jOJrk3jxWmCZo5cAT6W8D18GEi6jFm83][][Route: /asset/js/lib/axios.min.map][GET][http][]
[2023-07-24T15:51:42+09:00][INFO][::1][jOJrk3jxWmCZo5cAT6W8D18GEi6jFm83][1][Route: /login][POST][http][User id(1) logged in successfully.]
[2023-07-24T15:51:42+09:00][INFO][::1][jOJrk3jxWmCZo5cAT6W8D18GEi6jFm83][][Route: /user][GET][http][]
[2023-07-24T15:52:13+09:00][INFO][::1][jOJrk3jxWmCZo5cAT6W8D18GEi6jFm83][1][Route: /login][POST][http][User id(1) logged in successfully.]
[2023-07-24T15:52:13+09:00][INFO][::1][jOJrk3jxWmCZo5cAT6W8D18GEi6jFm83][][Route: /user][GET][http][]
[2023-07-24T15:53:09+09:00][INFO][::1][WWopFyZkkH69Qb1HV0o6n0CpIA4bYmra][1][Route: /login?redirect=%2Fuser][POST][http][User id(1) logged in successfully.]
[2023-07-24T15:53:09+09:00][INFO][::ffff:127.0.0.1][WWopFyZkkH69Qb1HV0o6n0CpIA4bYmra][][Route: /user][GET][http][]
[2023-07-24T15:53:24+09:00][INFO][::1][WWopFyZkkH69Qb1HV0o6n0CpIA4bYmra][][Route: /user?name=&startedDateFrom=&startedDateTo=][GET][http][]
[2023-07-24T15:53:26+09:00][INFO][::1][WWopFyZkkH69Qb1HV0o6n0CpIA4bYmra][][Route: /user?name=&startedDateFrom=&startedDateTo=][GET][http][...]
[2023-07-24T15:53:38+09:00][INFO][::1][WWopFyZkkH69Qb1HV0o6n0CpIA4bYmra][][Route: /user][GET][http][]
[2023-07-24T15:53:42+09:00][INFO][::1][WWopFyZkkH69Qb1HV0o6n0CpIA4bYmra][][Route: /user][GET][http][]
[2023-07-24T15:53:47+09:00][INFO][::1][WWopFyZkkH69Qb1HV0o6n0CpIA4bYmra][][Route: /user?name=&startedDateFrom=&startedDateTo=][GET][http][]
[2023-07-24T15:55:13+09:00][INFO][::1][40m6A_8ywLE98kvW8zpmADwOOFVCP3Qc][1][Route: /login?redirect=%2Fuser%3Fname%3D%26startedDateFrom%3D%26startedDateTo%3D][POST][http][User id(1) logged in successfully.]
[2023-07-24T15:55:13+09:00][INFO][::1][40m6A_8ywLE98kvW8zpmADwOOFVCP3Qc][][Route: /user?name=&startedDateFrom=&startedDateTo=][GET][http][]
[2023-07-24T16:03:27+09:00][INFO][::1][M-Tun3CjeKYxUimmlOhlJsOmCJIa6URV][1][Route: /login?redirect=%2Fuser][POST][http][User id(1) logged in successfully.]
[2023-07-24T16:03:27+09:00][INFO][::1][M-Tun3CjeKYxUimmlOhlJsOmCJIa6URV][][Route: /user][GET][http][]
[2023-07-24T16:03:30+09:00][INFO][::1][M-Tun3CjeKYxUimmlOhlJsOmCJIa6URV][][Route: /user?name=&startedDateFrom=&startedDateTo=][GET][http][]
[2023-07-24T16:03:34+09:00][INFO][::1][M-Tun3CjeKYxUimmlOhlJsOmCJIa6URV][][Route: /user?name=&startedDateFrom=&startedDateTo=][GET][http][...]
[2023-07-24T16:04:47+09:00][INFO][::1][5ltt_uy-ZQTDzM3OICgNe49qrNDx8UtS][1][Route: /login?redirect=%2Fuser%3Fname%3D%26startedDateFrom%3D%26startedDateTo%3D][POST][http][User id(1) logged in successfully.]
[2023-07-24T16:04:47+09:00][INFO][::1][5ltt_uy-ZQTDzM3OICgNe49qrNDx8UtS][][Route: /user?name=&startedDateFrom=&startedDateTo=][GET][http][]
[2023-07-24T16:04:51+09:00][INFO][::1][5ltt_uy-ZQTDzM3OICgNe49qrNDx8UtS][][Route: /user?name=&startedDateFrom=&startedDateTo=][GET][http][...]
[2023-07-24T16:05:07+09:00][INFO][::1][5ltt_uy-ZQTDzM3OICgNe49qrNDx8UtS][1][Route: /login][POST][http][User id(1) logged in successfully.]
[2023-07-24T16:05:07+09:00][INFO][::1][5ltt_uy-ZQTDzM3OICgNe49qrNDx8UtS][][Route: /user][GET][http][]
[2023-07-24T16:05:13+09:00][INFO][::1][5ltt_uy-ZQTDzM3OICgNe49qrNDx8UtS][][Route: /user?name=&startedDateFrom=&startedDateTo=][GET][http][]
[2023-07-24T16:05:17+09:00][INFO][::1][5ltt_uy-ZQTDzM3OICgNe49qrNDx8UtS][][Route: /user?name=&startedDateFrom=&startedDateTo=][GET][http][...]
[2023-07-24T16:06:29+09:00][INFO][::1][RY6vlExcPDyD2GHwOY5DaA2i1qHje2fF][1][Route: /login?redirect=%2Fuser%3Fname%3D%26startedDateFrom%3D%26startedDateTo%3D][POST][http][User id(1) logged in successfully.]
[2023-07-24T16:06:29+09:00][INFO][::1][RY6vlExcPDyD2GHwOY5DaA2i1qHje2fF][][Route: /user?name=&startedDateFrom=&startedDateTo=][GET][http][]
[2023-07-24T16:07:34+09:00][INFO][::1][RY6vlExcPDyD2GHwOY5DaA2i1qHje2fF][][Route: /user?name=asdasdsad&startedDateFrom=&startedDateTo=][GET][http][]
[2023-07-24T16:07:39+09:00][INFO][::1][RY6vlExcPDyD2GHwOY5DaA2i1qHje2fF][][Route: /user?name=asdasdsad&startedDateFrom=&startedDateTo=][GET][http][...]
[2023-07-24T16:08:52+09:00][INFO][::1][lgXXiAXV0yTnXkkrqHcEN5bnrkWuGCMI][1][Route: /login?redirect=%2Fuser%3Fname%3Dasdasdsad%26startedDateFrom%3D%26startedDateTo%3D][POST][http][User id(1) logged in successfully.]
[2023-07-24T16:08:52+09:00][INFO][::1][lgXXiAXV0yTnXkkrqHcEN5bnrkWuGCMI][][Route: /user?name=asdasdsad&startedDateFrom=&startedDateTo=][GET][http][]
[2023-07-24T16:08:56+09:00][INFO][::1][lgXXiAXV0yTnXkkrqHcEN5bnrkWuGCMI][][Route: /user?name=asdasdsad&startedDateFrom=&startedDateTo=][GET][http][...]
[2023-07-24T16:13:59+09:00][INFO][::1][R8OmDREcioQo1BEXNmpjQjL1ePLiDrD1][1][Route: /login?redirect=%2Fuser%3Fname%3Dasdasdsad%26startedDateFrom%3D%26startedDateTo%3D][POST][http][User id(1) logged in successfully.]
[2023-07-24T16:13:59+09:00][INFO][::1][R8OmDREcioQo1BEXNmpjQjL1ePLiDrD1][][Route: /user?name=asdasdsad&startedDateFrom=&startedDateTo=][GET][http][]
[2023-07-24T16:14:05+09:00][INFO][::1][R8OmDREcioQo1BEXNmpjQjL1ePLiDrD1][][Route: /user?name=asdasdsad&startedDateFrom=&startedDateTo=][GET][http][...]
[2023-07-24T16:14:44+09:00][INFO][::1][auUgxrACMFzZeX_xJVBKNEPfuzrkaDR-][1][Route: /login?redirect=%2Fuser%3Fname%3Dasdasdsad%26startedDateFrom%3D%26startedDateTo%3D][POST][http][User id(1) logged in successfully.]
[2023-07-24T16:14:44+09:00][INFO][::1][auUgxrACMFzZeX_xJVBKNEPfuzrkaDR-][][Route: /user?name=asdasdsad&startedDateFrom=&startedDateTo=][GET][http][]
[2023-07-24T16:14:48+09:00][INFO][::1][auUgxrACMFzZeX_xJVBKNEPfuzrkaDR-][][Route: /user?name=asdasdsad&startedDateFrom=&startedDateTo=][GET][http][...]
[2023-07-24T16:17:01+09:00][INFO][::1][drxRS9_eacsRdw3KavPKCTRCTip-dwBL][1][Route: /login?redirect=%2Fuser%3Fname%3Dasdasdsad%26startedDateFrom%3D%26startedDateTo%3D][POST][http][User id(1) logged in successfully.]
[2023-07-24T16:17:01+09:00][INFO][::1][drxRS9_eacsRdw3KavPKCTRCTip-dwBL][][Route: /user?name=asdasdsad&startedDateFrom=&startedDateTo=][GET][http][]
[2023-07-24T16:17:04+09:00][INFO][::1][drxRS9_eacsRdw3KavPKCTRCTip-dwBL][][Route: /user?name=asdasdsad&startedDateFrom=&startedDateTo=][GET][http][...]
[2023-07-24T16:17:59+09:00][INFO][::1][OT5XOIDTyYzi4pMmMEWzIslzr_WWbsg-][1][Route: /login?redirect=%2Fuser%3Fname%3Dasdasdsad%26startedDateFrom%3D%26startedDateTo%3D][POST][http][User id(1) logged in successfully.]
[2023-07-24T16:17:59+09:00][INFO][::1][OT5XOIDTyYzi4pMmMEWzIslzr_WWbsg-][][Route: /user?name=asdasdsad&startedDateFrom=&startedDateTo=][GET][http][]
[2023-07-24T16:18:24+09:00][INFO][::1][OT5XOIDTyYzi4pMmMEWzIslzr_WWbsg-][][Route: /user?name=asdasdsad&startedDateFrom=27%2F07%2F2023&startedDateTo=01%2F08%2F2023][GET][http][]
[2023-07-24T16:29:58+09:00][INFO][::1][Yr9gCTHyj3wH4taIxU9uUdGMFnnGnDUJ][1][Route: /login?redirect=%2Fuser%3Fname%3Dasdasdsad%26startedDateFrom%3D27%252F07%252F2023%26startedDateTo%3D01%252F08%252F2023][POST][http][User id(1) logged in successfully.]
[2023-07-24T16:29:58+09:00][INFO][::1][Yr9gCTHyj3wH4taIxU9uUdGMFnnGnDUJ][][Route: /user?name=asdasdsad&startedDateFrom=27/07/2023&startedDateTo=01/08/2023][GET][http][]
[2023-07-24T16:30:01+09:00][INFO][::1][Yr9gCTHyj3wH4taIxU9uUdGMFnnGnDUJ][][Route: /user?name=asdasdsad&startedDateFrom=27/07/2023&startedDateTo=01/08/2023][GET][http][...]
[2023-07-24T16:33:15+09:00][INFO][::1][9buH-Ubx3UEQ10V8pV_IFYhCpFpqTCBf][1][Route: /login?redirect=%2Fuser%3Fname%3Dasdasdsad%26startedDateFrom%3D27%2F07%2F2023%26startedDateTo%3D01%2F08%2F2023][POST][http][User id(1) logged in successfully.]
[2023-07-24T16:33:15+09:00][INFO][::1][9buH-Ubx3UEQ10V8pV_IFYhCpFpqTCBf][][Route: /user?name=asdasdsad&startedDateFrom=27/07/2023&startedDateTo=01/08/2023][GET][http][]
[2023-07-24T16:33:18+09:00][INFO][::1][9buH-Ubx3UEQ10V8pV_IFYhCpFpqTCBf][][Route: /user?name=asdasdsad&startedDateFrom=27/07/2023&startedDateTo=01/08/2023][GET][http][...]
[2023-07-24T16:35:42+09:00][INFO][::1][0HaOsynar2H-hYQu-7hZZzqEa-5mgnVr][1][Route: /login?redirect=%2Fuser%3Fname%3Dasdasdsad%26startedDateFrom%3D27%2F07%2F2023%26startedDateTo%3D01%2F08%2F2023][POST][http][User id(1) logged in successfully.]
[2023-07-24T16:35:42+09:00][INFO][::1][0HaOsynar2H-hYQu-7hZZzqEa-5mgnVr][][Route: /user?name=asdasdsad&startedDateFrom=27/07/2023&startedDateTo=01/08/2023][GET][http][]
[2023-07-24T16:35:46+09:00][INFO][::1][0HaOsynar2H-hYQu-7hZZzqEa-5mgnVr][][Route: /user?name=asdasdsad&startedDateFrom=27/07/2023&startedDateTo=01/08/2023][GET][http][...]
[2023-07-24T16:37:00+09:00][INFO][::1][WeQtKV7NZ6QJHW5JVlxycTvumAa7Cu-L][1][Route: /login?redirect=%2Fuser%3Fname%3Dasdasdsad%26startedDateFrom%3D27%2F07%2F2023%26startedDateTo%3D01%2F08%2F2023][POST][http][User id(1) logged in successfully.]
[2023-07-24T16:37:00+09:00][INFO][::1][WeQtKV7NZ6QJHW5JVlxycTvumAa7Cu-L][][Route: /user?name=asdasdsad&startedDateFrom=27/07/2023&startedDateTo=01/08/2023][GET][http][]
[2023-07-24T16:43:28+09:00][INFO][::1][WeQtKV7NZ6QJHW5JVlxycTvumAa7Cu-L][][Route: /user?name=asdasdsad&startedDateFrom=27/07/2023&startedDateTo=01/08/2023][GET][http][]
[2023-07-24T16:43:38+09:00][INFO][::1][WeQtKV7NZ6QJHW5JVlxycTvumAa7Cu-L][][Route: /asset/js/lib/axios.min.map][GET][http][]
[2023-07-24T16:43:38+09:00][INFO][::1][WeQtKV7NZ6QJHW5JVlxycTvumAa7Cu-L][][Route: /asset/css/datepicker/bootstrap-datepicker.css.map][GET][http][]
